<?xml version="1.0" encoding="UTF-8"?>
<!-- Generated by org.testng.reporters.JUnitXMLReporter -->
<testsuite ignored="0" hostname="Raju" failures="0" tests="11" name="Default test" time="148.201" errors="0" timestamp="2025-05-28T15:21:38 IST">
  <testcase classname="tests.VerifyEmployeeTest" name="addEmployeesAndCaptureIds" time="8.621"/>
  <testcase classname="tests.VerifyEmployeeTest" name="addEmployeesAndCaptureIds" time="8.04"/>
  <testcase classname="tests.VerifyEmployeeTest" name="addEmployeesAndCaptureIds" time="8.686"/>
  <testcase classname="tests.VerifyEmployeeTest" name="addEmployeesAndCaptureIds" time="8.756"/>
  <testcase classname="tests.VerifyEmployeeTest" name="verifyAddedEmployees" time="26.505"/>
  <testcase classname="tests.LoginTest" name="testValidLogin" time="1.875"/>
  <testcase classname="tests.EmployeeAddTest" name="testAddNewEmployee" time="12.409"/>
  <testcase classname="tests.EmployeeAddTest" name="testAddNewEmployee" time="12.834"/>
  <testcase classname="tests.EmployeeAddTest" name="testAddNewEmployee" time="10.022"/>
  <testcase classname="tests.EmployeeAddTest" name="testAddNewEmployee" time="10.935"/>
  <testcase classname="tests.DashboardTest" name="testHoverAndClickPIM" time="3.42"/>
</testsuite> <!-- Default test -->
