<?xml version="1.0" encoding="UTF-8"?>
<testng-results ignored="0" total="11" passed="11" failed="0" skipped="0">
  <reporter-output>
  </reporter-output>
  <suite started-at="2025-05-28T15:19:09 IST" name="Default suite" finished-at="2025-05-28T15:21:38 IST" duration-ms="148201">
    <groups>
    </groups>
    <test started-at="2025-05-28T15:19:09 IST" name="Default test" finished-at="2025-05-28T15:21:38 IST" duration-ms="148201">
      <class name="tests.LoginTest">
        <test-method is-config="true" signature="launchBrowser()[pri:0, instance:tests.LoginTest@24aed80c]" started-at="2025-05-28T15:20:19 IST" name="launchBrowser" finished-at="2025-05-28T15:20:30 IST" duration-ms="11218" status="PASS">
          <reporter-output>
          </reporter-output>
        </test-method> <!-- launchBrowser -->
        <test-method signature="testValidLogin()[pri:0, instance:tests.LoginTest@24aed80c]" started-at="2025-05-28T15:20:30 IST" name="testValidLogin" finished-at="2025-05-28T15:20:32 IST" duration-ms="1875" status="PASS">
          <reporter-output>
          </reporter-output>
        </test-method> <!-- testValidLogin -->
        <test-method is-config="true" signature="tearDownTest()[pri:0, instance:tests.LoginTest@24aed80c]" started-at="2025-05-28T15:20:32 IST" name="tearDownTest" finished-at="2025-05-28T15:20:33 IST" duration-ms="195" status="PASS">
          <reporter-output>
          </reporter-output>
        </test-method> <!-- tearDownTest -->
      </class> <!-- tests.LoginTest -->
      <class name="tests.VerifyEmployeeTest">
        <test-method is-config="true" signature="setUpTest()[pri:0, instance:tests.VerifyEmployeeTest@fbd1f6]" started-at="2025-05-28T15:19:09 IST" name="setUpTest" finished-at="2025-05-28T15:19:18 IST" duration-ms="8960" status="PASS">
          <reporter-output>
          </reporter-output>
        </test-method> <!-- setUpTest -->
        <test-method signature="addEmployeesAndCaptureIds(java.lang.String,java.lang.String,java.lang.String)[pri:1, instance:tests.VerifyEmployeeTest@fbd1f6]" started-at="2025-05-28T15:19:18 IST" name="addEmployeesAndCaptureIds" data-provider="employeeData" finished-at="2025-05-28T15:19:27 IST" duration-ms="8621" status="PASS">
          <params>
            <param index="0">
              <value>
                <![CDATA[John]]>
              </value>
            </param>
            <param index="1">
              <value>
                <![CDATA[F.]]>
              </value>
            </param>
            <param index="2">
              <value>
                <![CDATA[Doe]]>
              </value>
            </param>
          </params>
          <reporter-output>
          </reporter-output>
        </test-method> <!-- addEmployeesAndCaptureIds -->
        <test-method signature="addEmployeesAndCaptureIds(java.lang.String,java.lang.String,java.lang.String)[pri:1, instance:tests.VerifyEmployeeTest@fbd1f6]" started-at="2025-05-28T15:19:27 IST" name="addEmployeesAndCaptureIds" data-provider="employeeData" finished-at="2025-05-28T15:19:35 IST" duration-ms="8040" status="PASS">
          <params>
            <param index="0">
              <value>
                <![CDATA[Alice]]>
              </value>
            </param>
            <param index="1">
              <value>
                <![CDATA[B.]]>
              </value>
            </param>
            <param index="2">
              <value>
                <![CDATA[Smith]]>
              </value>
            </param>
          </params>
          <reporter-output>
          </reporter-output>
        </test-method> <!-- addEmployeesAndCaptureIds -->
        <test-method signature="addEmployeesAndCaptureIds(java.lang.String,java.lang.String,java.lang.String)[pri:1, instance:tests.VerifyEmployeeTest@fbd1f6]" started-at="2025-05-28T15:19:35 IST" name="addEmployeesAndCaptureIds" data-provider="employeeData" finished-at="2025-05-28T15:19:44 IST" duration-ms="8686" status="PASS">
          <params>
            <param index="0">
              <value>
                <![CDATA[Michael]]>
              </value>
            </param>
            <param index="1">
              <value>
                <![CDATA[B.]]>
              </value>
            </param>
            <param index="2">
              <value>
                <![CDATA[Brown]]>
              </value>
            </param>
          </params>
          <reporter-output>
          </reporter-output>
        </test-method> <!-- addEmployeesAndCaptureIds -->
        <test-method signature="addEmployeesAndCaptureIds(java.lang.String,java.lang.String,java.lang.String)[pri:1, instance:tests.VerifyEmployeeTest@fbd1f6]" started-at="2025-05-28T15:19:44 IST" name="addEmployeesAndCaptureIds" data-provider="employeeData" finished-at="2025-05-28T15:19:53 IST" duration-ms="8756" status="PASS">
          <params>
            <param index="0">
              <value>
                <![CDATA[Sara]]>
              </value>
            </param>
            <param index="1">
              <value>
                <![CDATA[M.]]>
              </value>
            </param>
            <param index="2">
              <value>
                <![CDATA[Connor]]>
              </value>
            </param>
          </params>
          <reporter-output>
          </reporter-output>
        </test-method> <!-- addEmployeesAndCaptureIds -->
        <test-method signature="verifyAddedEmployees()[pri:2, instance:tests.VerifyEmployeeTest@fbd1f6]" started-at="2025-05-28T15:19:53 IST" name="verifyAddedEmployees" finished-at="2025-05-28T15:20:19 IST" depends-on-methods="tests.VerifyEmployeeTest.addEmployeesAndCaptureIds" duration-ms="26505" status="PASS">
          <reporter-output>
          </reporter-output>
        </test-method> <!-- verifyAddedEmployees -->
        <test-method is-config="true" signature="tearDownTest()[pri:0, instance:tests.VerifyEmployeeTest@fbd1f6]" started-at="2025-05-28T15:20:19 IST" name="tearDownTest" finished-at="2025-05-28T15:20:19 IST" duration-ms="205" status="PASS">
          <reporter-output>
          </reporter-output>
        </test-method> <!-- tearDownTest -->
      </class> <!-- tests.VerifyEmployeeTest -->
      <class name="tests.EmployeeAddTest">
        <test-method is-config="true" signature="setUpTest()[pri:0, instance:tests.EmployeeAddTest@3a52dba3]" started-at="2025-05-28T15:20:33 IST" name="setUpTest" finished-at="2025-05-28T15:20:42 IST" duration-ms="9864" status="PASS">
          <reporter-output>
          </reporter-output>
        </test-method> <!-- setUpTest -->
        <test-method signature="testAddNewEmployee(java.lang.String,java.lang.String,java.lang.String)[pri:0, instance:tests.EmployeeAddTest@3a52dba3]" started-at="2025-05-28T15:20:42 IST" name="testAddNewEmployee" data-provider="employeeData" finished-at="2025-05-28T15:20:55 IST" duration-ms="12409" status="PASS">
          <params>
            <param index="0">
              <value>
                <![CDATA[John]]>
              </value>
            </param>
            <param index="1">
              <value>
                <![CDATA[F.]]>
              </value>
            </param>
            <param index="2">
              <value>
                <![CDATA[Doe]]>
              </value>
            </param>
          </params>
          <reporter-output>
          </reporter-output>
        </test-method> <!-- testAddNewEmployee -->
        <test-method signature="testAddNewEmployee(java.lang.String,java.lang.String,java.lang.String)[pri:0, instance:tests.EmployeeAddTest@3a52dba3]" started-at="2025-05-28T15:20:55 IST" name="testAddNewEmployee" data-provider="employeeData" finished-at="2025-05-28T15:21:08 IST" duration-ms="12834" status="PASS">
          <params>
            <param index="0">
              <value>
                <![CDATA[Alice]]>
              </value>
            </param>
            <param index="1">
              <value>
                <![CDATA[B.]]>
              </value>
            </param>
            <param index="2">
              <value>
                <![CDATA[Smith]]>
              </value>
            </param>
          </params>
          <reporter-output>
          </reporter-output>
        </test-method> <!-- testAddNewEmployee -->
        <test-method signature="testAddNewEmployee(java.lang.String,java.lang.String,java.lang.String)[pri:0, instance:tests.EmployeeAddTest@3a52dba3]" started-at="2025-05-28T15:21:08 IST" name="testAddNewEmployee" data-provider="employeeData" finished-at="2025-05-28T15:21:18 IST" duration-ms="10022" status="PASS">
          <params>
            <param index="0">
              <value>
                <![CDATA[Michael]]>
              </value>
            </param>
            <param index="1">
              <value>
                <![CDATA[B.]]>
              </value>
            </param>
            <param index="2">
              <value>
                <![CDATA[Brown]]>
              </value>
            </param>
          </params>
          <reporter-output>
          </reporter-output>
        </test-method> <!-- testAddNewEmployee -->
        <test-method signature="testAddNewEmployee(java.lang.String,java.lang.String,java.lang.String)[pri:0, instance:tests.EmployeeAddTest@3a52dba3]" started-at="2025-05-28T15:21:18 IST" name="testAddNewEmployee" data-provider="employeeData" finished-at="2025-05-28T15:21:29 IST" duration-ms="10935" status="PASS">
          <params>
            <param index="0">
              <value>
                <![CDATA[Sara]]>
              </value>
            </param>
            <param index="1">
              <value>
                <![CDATA[M.]]>
              </value>
            </param>
            <param index="2">
              <value>
                <![CDATA[Connor]]>
              </value>
            </param>
          </params>
          <reporter-output>
          </reporter-output>
        </test-method> <!-- testAddNewEmployee -->
        <test-method is-config="true" signature="tearDownTest()[pri:0, instance:tests.EmployeeAddTest@3a52dba3]" started-at="2025-05-28T15:21:29 IST" name="tearDownTest" finished-at="2025-05-28T15:21:29 IST" duration-ms="192" status="PASS">
          <reporter-output>
          </reporter-output>
        </test-method> <!-- tearDownTest -->
      </class> <!-- tests.EmployeeAddTest -->
      <class name="tests.DashboardTest">
        <test-method is-config="true" signature="setupTest()[pri:0, instance:tests.DashboardTest@2a5c8d3f]" started-at="2025-05-28T15:21:29 IST" name="setupTest" finished-at="2025-05-28T15:21:34 IST" duration-ms="5208" status="PASS">
          <reporter-output>
          </reporter-output>
        </test-method> <!-- setupTest -->
        <test-method signature="testHoverAndClickPIM()[pri:0, instance:tests.DashboardTest@2a5c8d3f]" started-at="2025-05-28T15:21:34 IST" name="testHoverAndClickPIM" finished-at="2025-05-28T15:21:37 IST" duration-ms="3420" status="PASS">
          <reporter-output>
          </reporter-output>
        </test-method> <!-- testHoverAndClickPIM -->
        <test-method is-config="true" signature="tearDownTest()[pri:0, instance:tests.DashboardTest@2a5c8d3f]" started-at="2025-05-28T15:21:37 IST" name="tearDownTest" finished-at="2025-05-28T15:21:38 IST" duration-ms="190" status="PASS">
          <reporter-output>
          </reporter-output>
        </test-method> <!-- tearDownTest -->
      </class> <!-- tests.DashboardTest -->
    </test> <!-- Default test -->
  </suite> <!-- Default suite -->
</testng-results>
